<?xml version="1.0" encoding="UTF-8"?>
<testsuites name="test calculator-pendaki" time="82.083" tests="2" failures="0" errors="0">
   <testsuite name="test calculator-pendaki" tests="2" failures="0" errors="0" time="82.083" skipped="0" timestamp="2023-08-12 02:07:25" hostname="riyan - 192.168.1.6" id="Test Suites/test calculator-pendaki">
      <properties>
         <property name="deviceName" value="emulator-5554 (Android SDK built for x86 - Android 7.0)"/>
         <property name="devicePlatform" value=""/>
         <property name="logFolder" value="/Users/riyan/Desktop/katalon_android/EduApp/Reports/20230812_020704/test calculator-pendaki/20230812_020704"/>
         <property name="logFiles" value="/Users/riyan/Desktop/katalon_android/EduApp/Reports/20230812_020704/test calculator-pendaki/20230812_020704/execution0.log, /Users/riyan/Desktop/katalon_android/EduApp/Reports/20230812_020704/test calculator-pendaki/20230812_020704/appium.log"/>
         <property name="attachments" value=""/>
         <property name="hostName" value="riyan - 192.168.1.6"/>
         <property name="os" value="Mac OS X 64bit"/>
         <property name="appiumServerStatus" value="{&quot;value&quot;:{&quot;build&quot;:{&quot;version&quot;:&quot;1.22.3&quot;}},&quot;sessionId&quot;:null,&quot;status&quot;:0}"/>
         <property name="katalonVersion" value="8.5.5.208"/>
         <property name="deviceOS" value="Android"/>
         <property name="appiumVersion" value="1.22.3"/>
         <property name="deviceModel" value="Android SDK built for x86"/>
         <property name="hostAddress" value="192.168.1.6"/>
         <property name="deviceManufacturer" value="Google"/>
         <property name="deviceId" value="emulator-5554"/>
         <property name="deviceName" value="emulator-5554 (Android SDK built for x86 - Android 7.0)"/>
         <property name="deviceOSVersion" value="7.0"/>
      </properties>
      <testcase name="Test Cases/calculator/calculate-test" time="33.5" classname="Test Cases/calculator/calculate-test" status="PASSED">
         <system-out><![CDATA[2023-08-12 02:07:26 - [TEST_CASE][PASSED] - Test Cases/calculator/calculate-test: Test Cases/calculator/calculate-test

2023-08-12 02:07:27 - [TEST_STEP][PASSED] - startApplication("mobileapp/Calculator_v8.1.apk", false): Started app at: '/Users/riyan/Desktop/katalon_android/EduApp/mobileapp/Calculator_v8.1.apk'

2023-08-12 02:07:28 - [MESSAGE][INFO] - Detected NodeJS location: "/usr/local/bin/node"

2023-08-12 02:07:31 - [MESSAGE][INFO] - Appium server started on port 60,567

2023-08-12 02:07:52 - [MESSAGE][PASSED] - Started app at: '/Users/riyan/Desktop/katalon_android/EduApp/mobileapp/Calculator_v8.1.apk'

2023-08-12 02:07:52 - [TEST_STEP][PASSED] - tap(findTestObject("mobileapp-calculator/Button - 4"), 0): Tapped on element 'Object Repository/mobileapp-calculator/Button - 4'

2023-08-12 02:07:52 - [MESSAGE][WARNING] - Timeout '0' is invalid. Using default page load timeout: '30'

2023-08-12 02:07:54 - [MESSAGE][PASSED] - Tapped on element 'Object Repository/mobileapp-calculator/Button - 4'

2023-08-12 02:07:54 - [TEST_STEP][PASSED] - tap(findTestObject("mobileapp-calculator/perkalian.Button -"), 0): Tapped on element 'Object Repository/mobileapp-calculator/perkalian.Button -'

2023-08-12 02:07:55 - [MESSAGE][WARNING] - Timeout '0' is invalid. Using default page load timeout: '30'

2023-08-12 02:07:56 - [MESSAGE][PASSED] - Tapped on element 'Object Repository/mobileapp-calculator/perkalian.Button -'

2023-08-12 02:07:56 - [TEST_STEP][PASSED] - tap(findTestObject("mobileapp-calculator/Button - 5"), 0): Tapped on element 'Object Repository/mobileapp-calculator/Button - 5'

2023-08-12 02:07:56 - [MESSAGE][WARNING] - Timeout '0' is invalid. Using default page load timeout: '30'

2023-08-12 02:07:57 - [MESSAGE][PASSED] - Tapped on element 'Object Repository/mobileapp-calculator/Button - 5'

2023-08-12 02:07:57 - [TEST_STEP][PASSED] - tap(findTestObject("mobileapp-calculator/samadengan.Button -"), 0): Tapped on element 'Object Repository/mobileapp-calculator/samadengan.Button -'

2023-08-12 02:07:57 - [MESSAGE][WARNING] - Timeout '0' is invalid. Using default page load timeout: '30'

2023-08-12 02:07:58 - [MESSAGE][PASSED] - Tapped on element 'Object Repository/mobileapp-calculator/samadengan.Button -'

2023-08-12 02:07:58 - [TEST_STEP][PASSED] - closeApplication(): Close app successfully

2023-08-12 02:07:59 - [MESSAGE][PASSED] - Close app successfully]]></system-out>
         <system-err><![CDATA[]]></system-err>
      </testcase>
      <testcase name="Test Cases/mobileapp-pendaki/open detail app-pendaki" time="47.541" classname="Test Cases/mobileapp-pendaki/open detail app-pendaki" status="PASSED">
         <system-out><![CDATA[2023-08-12 02:07:59 - [TEST_CASE][PASSED] - Test Cases/mobileapp-pendaki/open detail app-pendaki: Test Cases/mobileapp-pendaki/open detail app-pendaki

2023-08-12 02:08:01 - [TEST_STEP][PASSED] - startApplication("/Users/riyan/Desktop/katalon_android/EduApp/mobileapp/app-pendaki.apk", true): Started app at: '/Users/riyan/Desktop/katalon_android/EduApp/mobileapp/app-pendaki.apk'

2023-08-12 02:08:01 - [MESSAGE][INFO] - Detected NodeJS location: "/usr/local/bin/node"

2023-08-12 02:08:02 - [MESSAGE][INFO] - Appium server started on port 60,676

2023-08-12 02:08:31 - [MESSAGE][PASSED] - Started app at: '/Users/riyan/Desktop/katalon_android/EduApp/mobileapp/app-pendaki.apk'

2023-08-12 02:08:31 - [TEST_STEP][PASSED] - delay(3, STOP_ON_FAILURE): Delayed 3 second(s)

2023-08-12 02:08:35 - [MESSAGE][PASSED] - Delayed 3 second(s)

2023-08-12 02:08:35 - [TEST_STEP][PASSED] - tap(findTestObject("Object Repository/mobileapp-pendaki/burger.ImageButton"), 0): Tapped on element 'Object Repository/mobileapp-pendaki/burger.ImageButton'

2023-08-12 02:08:35 - [MESSAGE][WARNING] - Timeout '0' is invalid. Using default page load timeout: '30'

2023-08-12 02:08:35 - [MESSAGE][PASSED] - Tapped on element 'Object Repository/mobileapp-pendaki/burger.ImageButton'

2023-08-12 02:08:35 - [TEST_STEP][PASSED] - tap(findTestObject("Object Repository/mobileapp-pendaki/android.widget.CheckedTextView - Peralatan"), 0): Tapped on element 'Object Repository/mobileapp-pendaki/android.widget.CheckedTextView - Peralatan'

2023-08-12 02:08:36 - [MESSAGE][WARNING] - Timeout '0' is invalid. Using default page load timeout: '30'

2023-08-12 02:08:37 - [MESSAGE][PASSED] - Tapped on element 'Object Repository/mobileapp-pendaki/android.widget.CheckedTextView - Peralatan'

2023-08-12 02:08:37 - [TEST_STEP][PASSED] - delay(3, STOP_ON_FAILURE): Delayed 3 second(s)

2023-08-12 02:08:40 - [MESSAGE][PASSED] - Delayed 3 second(s)

2023-08-12 02:08:40 - [TEST_STEP][PASSED] - tap(findTestObject("Object Repository/mobileapp-pendaki/tenda.RelativeLayout"), 0): Tapped on element 'Object Repository/mobileapp-pendaki/tenda.RelativeLayout'

2023-08-12 02:08:40 - [MESSAGE][WARNING] - Timeout '0' is invalid. Using default page load timeout: '30'

2023-08-12 02:08:42 - [MESSAGE][PASSED] - Tapped on element 'Object Repository/mobileapp-pendaki/tenda.RelativeLayout'

2023-08-12 02:08:42 - [TEST_STEP][PASSED] - delay(3, STOP_ON_FAILURE): Delayed 3 second(s)

2023-08-12 02:08:45 - [MESSAGE][PASSED] - Delayed 3 second(s)

2023-08-12 02:08:45 - [TEST_STEP][PASSED] - closeApplication(): Close app successfully

2023-08-12 02:08:47 - [MESSAGE][PASSED] - Close app successfully]]></system-out>
         <system-err><![CDATA[]]></system-err>
      </testcase>
      <system-out><![CDATA[2023-08-12 02:07:25 - [TEST_SUITE][PASSED] - test calculator-pendaki: Test Cases/mobileapp-pendaki/open detail app-pendaki]]></system-out>
      <system-err><![CDATA[]]></system-err>
   </testsuite>
</testsuites>
