<?xml version="1.0" encoding="UTF-8"?>
<testsuites name="calculator-pendaki Collection" time="77.261" tests="2" failures="0" errors="0">
   <testsuite name="calculator-pendaki" tests="2" failures="0" errors="0" time="71.816" skipped="0" timestamp="2023-08-12 02:17:55" hostname="riyan - 192.168.1.6" id="Test Suites/calculator-pendaki">
      <properties>
         <property name="deviceName" value="emulator-5554 (Android SDK built for x86 - Android 7.0)"/>
         <property name="devicePlatform" value=""/>
         <property name="logFolder" value="/Users/riyan/Desktop/katalon_android/EduApp/Reports/20230812_021714/calculator-pendaki/20230812_021729"/>
         <property name="logFiles" value="/Users/riyan/Desktop/katalon_android/EduApp/Reports/20230812_021714/calculator-pendaki/20230812_021729/execution0.log, /Users/riyan/Desktop/katalon_android/EduApp/Reports/20230812_021714/calculator-pendaki/20230812_021729/appium.log"/>
         <property name="attachments" value=""/>
         <property name="hostName" value="riyan - 192.168.1.6"/>
         <property name="os" value="Mac OS X 64bit"/>
         <property name="appiumServerStatus" value="{&quot;value&quot;:{&quot;build&quot;:{&quot;version&quot;:&quot;1.22.3&quot;}},&quot;sessionId&quot;:null,&quot;status&quot;:0}"/>
         <property name="katalonVersion" value="8.5.5.208"/>
         <property name="deviceOS" value="Android"/>
         <property name="appiumVersion" value="1.22.3"/>
         <property name="deviceModel" value="Android SDK built for x86"/>
         <property name="hostAddress" value="192.168.1.6"/>
         <property name="deviceManufacturer" value="Google"/>
         <property name="deviceId" value="emulator-5554"/>
         <property name="deviceName" value="emulator-5554 (Android SDK built for x86 - Android 7.0)"/>
         <property name="deviceOSVersion" value="7.0"/>
      </properties>
      <testcase name="Test Cases/calculator/calculate-test" time="31.808" classname="Test Cases/calculator/calculate-test" status="PASSED">
         <system-out><![CDATA[2023-08-12 02:17:56 - [TEST_CASE][PASSED] - Test Cases/calculator/calculate-test: Test Cases/calculator/calculate-test

2023-08-12 02:17:56 - [TEST_STEP][PASSED] - startApplication("mobileapp/Calculator_v8.1.apk", false): Started app at: '/Users/riyan/Desktop/katalon_android/EduApp/mobileapp/Calculator_v8.1.apk'

2023-08-12 02:17:57 - [MESSAGE][INFO] - Detected NodeJS location: "/usr/local/bin/node"

2023-08-12 02:18:00 - [MESSAGE][INFO] - Appium server started on port 61,030

2023-08-12 02:18:21 - [MESSAGE][PASSED] - Started app at: '/Users/riyan/Desktop/katalon_android/EduApp/mobileapp/Calculator_v8.1.apk'

2023-08-12 02:18:21 - [TEST_STEP][PASSED] - tap(findTestObject("mobileapp-calculator/Button - 4"), 0): Tapped on element 'Object Repository/mobileapp-calculator/Button - 4'

2023-08-12 02:18:21 - [MESSAGE][WARNING] - Timeout '0' is invalid. Using default page load timeout: '30'

2023-08-12 02:18:23 - [MESSAGE][PASSED] - Tapped on element 'Object Repository/mobileapp-calculator/Button - 4'

2023-08-12 02:18:23 - [TEST_STEP][PASSED] - tap(findTestObject("mobileapp-calculator/perkalian.Button -"), 0): Tapped on element 'Object Repository/mobileapp-calculator/perkalian.Button -'

2023-08-12 02:18:23 - [MESSAGE][WARNING] - Timeout '0' is invalid. Using default page load timeout: '30'

2023-08-12 02:18:24 - [MESSAGE][PASSED] - Tapped on element 'Object Repository/mobileapp-calculator/perkalian.Button -'

2023-08-12 02:18:24 - [TEST_STEP][PASSED] - tap(findTestObject("mobileapp-calculator/Button - 5"), 0): Tapped on element 'Object Repository/mobileapp-calculator/Button - 5'

2023-08-12 02:18:24 - [MESSAGE][WARNING] - Timeout '0' is invalid. Using default page load timeout: '30'

2023-08-12 02:18:25 - [MESSAGE][PASSED] - Tapped on element 'Object Repository/mobileapp-calculator/Button - 5'

2023-08-12 02:18:25 - [TEST_STEP][PASSED] - tap(findTestObject("mobileapp-calculator/samadengan.Button -"), 0): Tapped on element 'Object Repository/mobileapp-calculator/samadengan.Button -'

2023-08-12 02:18:25 - [MESSAGE][WARNING] - Timeout '0' is invalid. Using default page load timeout: '30'

2023-08-12 02:18:27 - [MESSAGE][PASSED] - Tapped on element 'Object Repository/mobileapp-calculator/samadengan.Button -'

2023-08-12 02:18:27 - [TEST_STEP][PASSED] - closeApplication(): Close app successfully

2023-08-12 02:18:27 - [MESSAGE][PASSED] - Close app successfully]]></system-out>
         <system-err><![CDATA[]]></system-err>
      </testcase>
      <testcase name="Test Cases/mobileapp-pendaki/open detail app-pendaki" time="39.14" classname="Test Cases/mobileapp-pendaki/open detail app-pendaki" status="PASSED">
         <system-out><![CDATA[2023-08-12 02:18:27 - [TEST_CASE][PASSED] - Test Cases/mobileapp-pendaki/open detail app-pendaki: Test Cases/mobileapp-pendaki/open detail app-pendaki

2023-08-12 02:18:28 - [TEST_STEP][PASSED] - startApplication("/Users/riyan/Desktop/katalon_android/EduApp/mobileapp/app-pendaki.apk", true): Started app at: '/Users/riyan/Desktop/katalon_android/EduApp/mobileapp/app-pendaki.apk'

2023-08-12 02:18:28 - [MESSAGE][INFO] - Detected NodeJS location: "/usr/local/bin/node"

2023-08-12 02:18:30 - [MESSAGE][INFO] - Appium server started on port 61,139

2023-08-12 02:18:54 - [MESSAGE][PASSED] - Started app at: '/Users/riyan/Desktop/katalon_android/EduApp/mobileapp/app-pendaki.apk'

2023-08-12 02:18:54 - [TEST_STEP][PASSED] - delay(3, STOP_ON_FAILURE): Delayed 3 second(s)

2023-08-12 02:18:57 - [MESSAGE][PASSED] - Delayed 3 second(s)

2023-08-12 02:18:57 - [TEST_STEP][PASSED] - tap(findTestObject("Object Repository/mobileapp-pendaki/burger.ImageButton"), 0): Tapped on element 'Object Repository/mobileapp-pendaki/burger.ImageButton'

2023-08-12 02:18:57 - [MESSAGE][WARNING] - Timeout '0' is invalid. Using default page load timeout: '30'

2023-08-12 02:18:58 - [MESSAGE][PASSED] - Tapped on element 'Object Repository/mobileapp-pendaki/burger.ImageButton'

2023-08-12 02:18:58 - [TEST_STEP][PASSED] - tap(findTestObject("Object Repository/mobileapp-pendaki/android.widget.CheckedTextView - Peralatan"), 0): Tapped on element 'Object Repository/mobileapp-pendaki/android.widget.CheckedTextView - Peralatan'

2023-08-12 02:18:58 - [MESSAGE][WARNING] - Timeout '0' is invalid. Using default page load timeout: '30'

2023-08-12 02:18:59 - [MESSAGE][PASSED] - Tapped on element 'Object Repository/mobileapp-pendaki/android.widget.CheckedTextView - Peralatan'

2023-08-12 02:18:59 - [TEST_STEP][PASSED] - delay(3, STOP_ON_FAILURE): Delayed 3 second(s)

2023-08-12 02:19:02 - [MESSAGE][PASSED] - Delayed 3 second(s)

2023-08-12 02:19:02 - [TEST_STEP][PASSED] - tap(findTestObject("Object Repository/mobileapp-pendaki/tenda.RelativeLayout"), 0): Tapped on element 'Object Repository/mobileapp-pendaki/tenda.RelativeLayout'

2023-08-12 02:19:02 - [MESSAGE][WARNING] - Timeout '0' is invalid. Using default page load timeout: '30'

2023-08-12 02:19:02 - [MESSAGE][PASSED] - Tapped on element 'Object Repository/mobileapp-pendaki/tenda.RelativeLayout'

2023-08-12 02:19:02 - [TEST_STEP][PASSED] - delay(3, STOP_ON_FAILURE): Delayed 3 second(s)

2023-08-12 02:19:05 - [MESSAGE][PASSED] - Delayed 3 second(s)

2023-08-12 02:19:05 - [TEST_STEP][PASSED] - closeApplication(): Close app successfully

2023-08-12 02:19:07 - [MESSAGE][PASSED] - Close app successfully]]></system-out>
         <system-err><![CDATA[]]></system-err>
      </testcase>
      <system-out><![CDATA[2023-08-12 02:17:55 - [TEST_SUITE][PASSED] - calculator-pendaki: Test Cases/mobileapp-pendaki/open detail app-pendaki]]></system-out>
      <system-err><![CDATA[]]></system-err>
   </testsuite>
</testsuites>
